<?xml version="1.0" encoding="UTF-8"?>
<!-- Generated by org.testng.reporters.JUnitReportReporter -->
<testsuite hostname="DESKTOP-MQ57DD3" failures="0" tests="2" name="qaautomation.testTokped.Running" time="27.568" errors="0" timestamp="29 Aug 2022 11:48:26 GMT" skipped="0">
  <testcase classname="qaautomation.testTokped.Running" name="GetSearchProduk" time="12.858"/>
  <testcase classname="qaautomation.testTokped.Running" name="Wishlist" time="14.710"/>
</testsuite> <!-- qaautomation.testTokped.Running -->
