<?xml version="1.0" encoding="UTF-8"?>
<!-- Generated by org.testng.reporters.JUnitReportReporter -->
<testsuite hostname="DESKTOP-MQ57DD3" failures="0" tests="1" name="qaautomation.testTokped.Running" time="52.305" errors="0" timestamp="29 Aug 2022 14:24:46 GMT" skipped="0">
  <testcase classname="qaautomation.testTokped.Running" name="Wishlist" time="52.305"/>
</testsuite> <!-- qaautomation.testTokped.Running -->
